\\vboxsvr\c++\silverbirdapp\plugin\builds\visualstudio2013\debug\vc120.pdb
\\vboxsvr\c++\silverbirdapp\plugin\builds\visualstudio2013\debug\vc120.idb
\\vboxsvr\c++\silverbirdapp\plugin\builds\visualstudio2013\debug\trackparameters.obj
\\vboxsvr\c++\silverbirdapp\plugin\builds\visualstudio2013\debug\stepper.obj
\\vboxsvr\c++\silverbirdapp\plugin\builds\visualstudio2013\debug\source.obj
\\vboxsvr\c++\silverbirdapp\plugin\builds\visualstudio2013\debug\sound.obj
\\vboxsvr\c++\silverbirdapp\plugin\builds\visualstudio2013\debug\sequencer.obj
\\vboxsvr\c++\silverbirdapp\plugin\builds\visualstudio2013\debug\sampler.obj
\\vboxsvr\c++\silverbirdapp\plugin\builds\visualstudio2013\debug\mods.obj
\\vboxsvr\c++\silverbirdapp\plugin\builds\visualstudio2013\debug\mixer.obj
\\vboxsvr\c++\silverbirdapp\plugin\builds\visualstudio2013\debug\knob.obj
\\vboxsvr\c++\silverbirdapp\plugin\builds\visualstudio2013\debug\gui.obj
\\vboxsvr\c++\silverbirdapp\plugin\builds\visualstudio2013\debug\drums.obj
\\vboxsvr\c++\silverbirdapp\plugin\builds\visualstudio2013\debug\controller.obj
\\vboxsvr\c++\silverbirdapp\plugin\builds\visualstudio2013\debug\clocklistener.obj
\\vboxsvr\c++\silverbirdapp\plugin\builds\visualstudio2013\debug\clock.obj
\\vboxsvr\c++\silverbirdapp\plugin\builds\visualstudio2013\debug\bipolarstepper.obj
\\vboxsvr\c++\silverbirdapp\plugin\builds\visualstudio2013\debug\adsr.obj
\\vboxsvr\c++\silverbirdapp\plugin\builds\visualstudio2013\debug\binarydata4.obj
\\vboxsvr\c++\silverbirdapp\plugin\builds\visualstudio2013\debug\binarydata3.obj
\\vboxsvr\c++\silverbirdapp\plugin\builds\visualstudio2013\debug\binarydata2.obj
\\vboxsvr\c++\silverbirdapp\plugin\builds\visualstudio2013\debug\binarydata.obj
\\vboxsvr\c++\silverbirdapp\plugin\builds\visualstudio2013\debug\juce_vst_wrapper.obj
\\vboxsvr\c++\silverbirdapp\plugin\builds\visualstudio2013\debug\juce_video.obj
\\vboxsvr\c++\silverbirdapp\plugin\builds\visualstudio2013\debug\juce_pluginutilities.obj
\\vboxsvr\c++\silverbirdapp\plugin\builds\visualstudio2013\debug\juce_opengl.obj
\\vboxsvr\c++\silverbirdapp\plugin\builds\visualstudio2013\debug\juce_gui_extra.obj
\\vboxsvr\c++\silverbirdapp\plugin\builds\visualstudio2013\debug\juce_gui_basics.obj
\\vboxsvr\c++\silverbirdapp\plugin\builds\visualstudio2013\debug\juce_graphics.obj
\\vboxsvr\c++\silverbirdapp\plugin\builds\visualstudio2013\debug\juce_events.obj
\\vboxsvr\c++\silverbirdapp\plugin\builds\visualstudio2013\debug\juce_data_structures.obj
\\vboxsvr\c++\silverbirdapp\plugin\builds\visualstudio2013\debug\juce_cryptography.obj
\\vboxsvr\c++\silverbirdapp\plugin\builds\visualstudio2013\debug\juce_core.obj
\\vboxsvr\c++\silverbirdapp\plugin\builds\visualstudio2013\debug\juce_audio_processors.obj
\\vboxsvr\c++\silverbirdapp\plugin\builds\visualstudio2013\debug\juce_audio_formats.obj
\\vboxsvr\c++\silverbirdapp\plugin\builds\visualstudio2013\debug\juce_audio_devices.obj
\\vboxsvr\c++\silverbirdapp\plugin\builds\visualstudio2013\debug\juce_audio_basics.obj
\\vboxsvr\c++\silverbirdapp\plugin\builds\visualstudio2013\debug\juce_aax_wrapper.obj
\\vboxsvr\c++\silverbirdapp\plugin\builds\visualstudio2013\debug\plugineditor.obj
\\vboxsvr\c++\silverbirdapp\plugin\builds\visualstudio2013\debug\pluginprocessor.obj
\\vboxsvr\c++\silverbirdapp\plugin\builds\visualstudio2013\debug\plugincontroller.obj
\\vboxsvr\c++\silverbirdapp\plugin\builds\visualstudio2013\debug\voice.obj
\\vboxsvr\c++\silverbirdapp\plugin\builds\visualstudio2013\debug\juce_vst3_wrapper.obj
\\vboxsvr\c++\silverbirdapp\plugin\builds\visualstudio2013\debug\juce_rtas_wrapper.obj
\\vboxsvr\c++\silverbirdapp\plugin\builds\visualstudio2013\debug\juce_rtas_winutilities.obj
\\vboxsvr\c++\silverbirdapp\plugin\builds\visualstudio2013\debug\juce_rtas_digicode3.obj
\\vboxsvr\c++\silverbirdapp\plugin\builds\visualstudio2013\debug\juce_rtas_digicode2.obj
\\vboxsvr\c++\silverbirdapp\plugin\builds\visualstudio2013\debug\juce_rtas_digicode1.obj
\\vboxsvr\c++\silverbirdapp\plugin\builds\visualstudio2013\debug\silverbird.dll
\\vboxsvr\c++\silverbirdapp\plugin\builds\visualstudio2013\debug\silverbird.pdb
\\vboxsvr\c++\silverbirdapp\plugin\builds\visualstudio2013\debug\silverbird.lib
\\vboxsvr\c++\silverbirdapp\plugin\builds\visualstudio2013\debug\silverbird.exp
\\vboxsvr\c++\silverbirdapp\plugin\builds\visualstudio2013\debug\resources.res
\\vboxsvr\c++\silverbirdapp\plugin\builds\visualstudio2013\.\debug\silverbird.dll
\\vboxsvr\c++\silverbirdapp\plugin\builds\visualstudio2013\debug\silverbird.tlog\cl.command.1.tlog
\\vboxsvr\c++\silverbirdapp\plugin\builds\visualstudio2013\debug\silverbird.tlog\cl.read.1.tlog
\\vboxsvr\c++\silverbirdapp\plugin\builds\visualstudio2013\debug\silverbird.tlog\cl.write.1.tlog
\\vboxsvr\c++\silverbirdapp\plugin\builds\visualstudio2013\debug\silverbird.tlog\link.command.1.tlog
\\vboxsvr\c++\silverbirdapp\plugin\builds\visualstudio2013\debug\silverbird.tlog\link.read.1.tlog
\\vboxsvr\c++\silverbirdapp\plugin\builds\visualstudio2013\debug\silverbird.tlog\link.write.1.tlog
\\vboxsvr\c++\silverbirdapp\plugin\builds\visualstudio2013\debug\silverbird.tlog\rc.command.1.tlog
\\vboxsvr\c++\silverbirdapp\plugin\builds\visualstudio2013\debug\silverbird.tlog\rc.read.1.tlog
\\vboxsvr\c++\silverbirdapp\plugin\builds\visualstudio2013\debug\silverbird.tlog\rc.write.1.tlog
\\vboxsvr\c++\silverbirdapp\plugin\builds\visualstudio2013\debug\silverbird.tlog\silverbird.write.1u.tlog
